<?xml version="1.0" encoding="UTF-8"?>
<testng-results ignored="0" total="1" passed="1" failed="0" skipped="0">
  <reporter-output>
  </reporter-output>
  <suite started-at="2022-11-06T07:48:53 IST" name="Default suite" finished-at="2022-11-06T07:48:53 IST" duration-ms="50">
    <groups>
    </groups>
    <test started-at="2022-11-06T07:48:53 IST" name="Default test" finished-at="2022-11-06T07:48:53 IST" duration-ms="50">
      <class name="BasicJAVA.TestTestNG">
        <test-method is-config="true" signature="beforeClass()[pri:0, instance:BasicJAVA.TestTestNG@2145b572]" started-at="2022-11-06T07:48:53 IST" name="beforeClass" finished-at="2022-11-06T07:48:53 IST" duration-ms="8" status="PASS">
          <reporter-output>
          </reporter-output>
        </test-method> <!-- beforeClass -->
        <test-method is-config="true" signature="beforeMethod()[pri:0, instance:BasicJAVA.TestTestNG@2145b572]" started-at="2022-11-06T07:48:53 IST" name="beforeMethod" finished-at="2022-11-06T07:48:53 IST" duration-ms="0" status="PASS">
          <reporter-output>
          </reporter-output>
        </test-method> <!-- beforeMethod -->
        <test-method signature="test()[pri:0, instance:BasicJAVA.TestTestNG@2145b572]" started-at="2022-11-06T07:48:53 IST" name="test" finished-at="2022-11-06T07:48:53 IST" duration-ms="8" status="PASS">
          <reporter-output>
          </reporter-output>
        </test-method> <!-- test -->
      </class> <!-- BasicJAVA.TestTestNG -->
    </test> <!-- Default test -->
  </suite> <!-- Default suite -->
</testng-results>
